mode: set
yonatan/labpro/config/config.go:20.39,23.44 2 1
yonatan/labpro/config/config.go:23.44,25.3 1 1
yonatan/labpro/config/config.go:28.2,28.47 1 1
yonatan/labpro/config/config.go:28.47,30.3 1 0
yonatan/labpro/config/config.go:32.2,40.3 1 1
yonatan/labpro/config/config.go:44.25,46.2 1 0
yonatan/labpro/config/config.go:48.46,49.42 1 1
yonatan/labpro/config/config.go:49.42,51.3 1 1
yonatan/labpro/config/config.go:52.2,52.21 1 0
yonatan/labpro/config/path_utils.go:9.30,11.16 2 1
yonatan/labpro/config/path_utils.go:11.16,13.3 1 0
yonatan/labpro/config/path_utils.go:16.2,16.6 1 1
yonatan/labpro/config/path_utils.go:16.6,17.66 1 1
yonatan/labpro/config/path_utils.go:17.66,19.4 1 1
yonatan/labpro/config/path_utils.go:21.3,22.20 2 1
yonatan/labpro/config/path_utils.go:22.20,23.9 1 0
yonatan/labpro/config/path_utils.go:25.3,25.15 1 1
yonatan/labpro/config/path_utils.go:28.2,28.11 1 0
yonatan/labpro/config/path_utils.go:32.54,37.56 2 1
yonatan/labpro/config/path_utils.go:37.56,40.3 2 1
yonatan/labpro/config/path_utils.go:42.2,42.26 1 1
yonatan/labpro/config/path_utils.go:46.40,48.2 1 1
yonatan/labpro/config/config.go:20.39,23.44 2 1
yonatan/labpro/config/config.go:23.44,25.3 1 1
yonatan/labpro/config/config.go:28.2,28.47 1 1
yonatan/labpro/config/config.go:28.47,30.3 1 0
yonatan/labpro/config/config.go:32.2,40.3 1 1
yonatan/labpro/config/config.go:44.25,46.2 1 0
yonatan/labpro/config/config.go:48.46,49.42 1 1
yonatan/labpro/config/config.go:49.42,51.3 1 1
yonatan/labpro/config/config.go:52.2,52.21 1 0
yonatan/labpro/config/path_utils.go:9.30,11.16 2 1
yonatan/labpro/config/path_utils.go:11.16,13.3 1 0
yonatan/labpro/config/path_utils.go:16.2,16.6 1 1
yonatan/labpro/config/path_utils.go:16.6,17.66 1 1
yonatan/labpro/config/path_utils.go:17.66,19.4 1 1
yonatan/labpro/config/path_utils.go:21.3,22.20 2 1
yonatan/labpro/config/path_utils.go:22.20,23.9 1 0
yonatan/labpro/config/path_utils.go:25.3,25.15 1 1
yonatan/labpro/config/path_utils.go:28.2,28.11 1 0
yonatan/labpro/config/path_utils.go:32.54,37.56 2 1
yonatan/labpro/config/path_utils.go:37.56,40.3 2 1
yonatan/labpro/config/path_utils.go:42.2,42.26 1 1
yonatan/labpro/config/path_utils.go:46.40,48.2 1 1
yonatan/labpro/controllers/api/auth_controller.go:15.81,19.2 1 1
yonatan/labpro/controllers/api/auth_controller.go:21.53,27.47 2 1
yonatan/labpro/controllers/api/auth_controller.go:27.47,34.3 2 1
yonatan/labpro/controllers/api/auth_controller.go:36.2,37.16 2 1
yonatan/labpro/controllers/api/auth_controller.go:37.16,44.3 2 1
yonatan/labpro/controllers/api/auth_controller.go:46.2,55.4 2 1
yonatan/labpro/controllers/api/auth_controller.go:58.56,68.47 2 1
yonatan/labpro/controllers/api/auth_controller.go:68.47,75.3 2 1
yonatan/labpro/controllers/api/auth_controller.go:77.2,77.41 1 1
yonatan/labpro/controllers/api/auth_controller.go:77.41,84.3 2 1
yonatan/labpro/controllers/api/auth_controller.go:86.2,87.16 2 1
yonatan/labpro/controllers/api/auth_controller.go:87.16,94.3 2 1
yonatan/labpro/controllers/api/auth_controller.go:96.2,107.4 2 1
yonatan/labpro/controllers/api/auth_controller.go:110.54,116.2 1 1
yonatan/labpro/controllers/api/auth_controller.go:118.58,120.13 2 1
yonatan/labpro/controllers/api/auth_controller.go:120.13,127.3 2 0
yonatan/labpro/controllers/api/auth_controller.go:129.2,143.4 3 1
yonatan/labpro/controllers/api/admin/course_controller.go:16.89,20.2 1 1
yonatan/labpro/controllers/api/admin/course_controller.go:22.62,24.13 2 1
yonatan/labpro/controllers/api/admin/course_controller.go:24.13,27.3 2 0
yonatan/labpro/controllers/api/admin/course_controller.go:29.2,30.24 2 1
yonatan/labpro/controllers/api/admin/course_controller.go:30.24,33.3 2 0
yonatan/labpro/controllers/api/admin/course_controller.go:36.2,42.55 6 1
yonatan/labpro/controllers/api/admin/course_controller.go:42.55,49.3 2 1
yonatan/labpro/controllers/api/admin/course_controller.go:51.2,52.16 2 1
yonatan/labpro/controllers/api/admin/course_controller.go:52.16,59.3 2 1
yonatan/labpro/controllers/api/admin/course_controller.go:62.2,63.93 2 1
yonatan/labpro/controllers/api/admin/course_controller.go:63.93,66.17 3 0
yonatan/labpro/controllers/api/admin/course_controller.go:66.17,73.4 2 0
yonatan/labpro/controllers/api/admin/course_controller.go:77.2,87.16 3 1
yonatan/labpro/controllers/api/admin/course_controller.go:87.16,94.3 2 0
yonatan/labpro/controllers/api/admin/course_controller.go:96.2,100.4 1 1
yonatan/labpro/controllers/api/admin/course_controller.go:103.62,105.13 2 1
yonatan/labpro/controllers/api/admin/course_controller.go:105.13,108.3 2 0
yonatan/labpro/controllers/api/admin/course_controller.go:110.2,111.24 2 1
yonatan/labpro/controllers/api/admin/course_controller.go:111.24,114.3 2 0
yonatan/labpro/controllers/api/admin/course_controller.go:116.2,120.16 3 1
yonatan/labpro/controllers/api/admin/course_controller.go:120.16,127.3 2 1
yonatan/labpro/controllers/api/admin/course_controller.go:130.2,136.55 6 1
yonatan/labpro/controllers/api/admin/course_controller.go:136.55,143.3 2 0
yonatan/labpro/controllers/api/admin/course_controller.go:145.2,146.16 2 1
yonatan/labpro/controllers/api/admin/course_controller.go:146.16,153.3 2 1
yonatan/labpro/controllers/api/admin/course_controller.go:156.2,157.69 2 1
yonatan/labpro/controllers/api/admin/course_controller.go:157.69,159.3 1 1
yonatan/labpro/controllers/api/admin/course_controller.go:161.2,172.93 2 1
yonatan/labpro/controllers/api/admin/course_controller.go:172.93,175.17 3 0
yonatan/labpro/controllers/api/admin/course_controller.go:175.17,182.4 2 0
yonatan/labpro/controllers/api/admin/course_controller.go:183.3,183.34 1 0
yonatan/labpro/controllers/api/admin/course_controller.go:186.2,187.16 2 1
yonatan/labpro/controllers/api/admin/course_controller.go:187.16,194.3 2 0
yonatan/labpro/controllers/api/admin/course_controller.go:196.2,200.4 1 1
yonatan/labpro/controllers/api/admin/course_controller.go:203.62,205.13 2 1
yonatan/labpro/controllers/api/admin/course_controller.go:205.13,208.3 2 0
yonatan/labpro/controllers/api/admin/course_controller.go:210.2,211.24 2 1
yonatan/labpro/controllers/api/admin/course_controller.go:211.24,214.3 2 0
yonatan/labpro/controllers/api/admin/course_controller.go:216.2,218.16 3 1
yonatan/labpro/controllers/api/admin/course_controller.go:218.16,225.3 2 1
yonatan/labpro/controllers/api/admin/course_controller.go:227.2,227.32 1 1
yonatan/labpro/controllers/api/admin/module_controller.go:15.89,19.2 1 1
yonatan/labpro/controllers/api/admin/module_controller.go:21.62,23.13 2 1
yonatan/labpro/controllers/api/admin/module_controller.go:23.13,26.3 2 0
yonatan/labpro/controllers/api/admin/module_controller.go:28.2,29.24 2 1
yonatan/labpro/controllers/api/admin/module_controller.go:29.24,32.3 2 0
yonatan/labpro/controllers/api/admin/module_controller.go:34.2,40.17 4 1
yonatan/labpro/controllers/api/admin/module_controller.go:40.17,47.3 2 1
yonatan/labpro/controllers/api/admin/module_controller.go:50.2,53.89 2 1
yonatan/labpro/controllers/api/admin/module_controller.go:53.89,56.17 3 1
yonatan/labpro/controllers/api/admin/module_controller.go:56.17,63.4 2 0
yonatan/labpro/controllers/api/admin/module_controller.go:64.3,64.23 1 1
yonatan/labpro/controllers/api/admin/module_controller.go:68.2,68.91 1 1
yonatan/labpro/controllers/api/admin/module_controller.go:68.91,71.17 3 1
yonatan/labpro/controllers/api/admin/module_controller.go:71.17,78.4 2 0
yonatan/labpro/controllers/api/admin/module_controller.go:79.3,79.27 1 1
yonatan/labpro/controllers/api/admin/module_controller.go:83.2,84.16 2 1
yonatan/labpro/controllers/api/admin/module_controller.go:84.16,91.3 2 1
yonatan/labpro/controllers/api/admin/module_controller.go:93.2,97.4 1 1
yonatan/labpro/controllers/api/admin/module_controller.go:100.62,102.13 2 1
yonatan/labpro/controllers/api/admin/module_controller.go:102.13,105.3 2 0
yonatan/labpro/controllers/api/admin/module_controller.go:107.2,108.24 2 1
yonatan/labpro/controllers/api/admin/module_controller.go:108.24,111.3 2 0
yonatan/labpro/controllers/api/admin/module_controller.go:113.2,117.16 3 1
yonatan/labpro/controllers/api/admin/module_controller.go:117.16,124.3 2 1
yonatan/labpro/controllers/api/admin/module_controller.go:127.2,130.17 3 1
yonatan/labpro/controllers/api/admin/module_controller.go:130.17,137.3 2 0
yonatan/labpro/controllers/api/admin/module_controller.go:140.2,143.88 2 1
yonatan/labpro/controllers/api/admin/module_controller.go:143.88,145.3 1 0
yonatan/labpro/controllers/api/admin/module_controller.go:148.2,148.94 1 1
yonatan/labpro/controllers/api/admin/module_controller.go:148.94,150.3 1 0
yonatan/labpro/controllers/api/admin/module_controller.go:153.2,153.89 1 1
yonatan/labpro/controllers/api/admin/module_controller.go:153.89,156.17 3 1
yonatan/labpro/controllers/api/admin/module_controller.go:156.17,163.4 2 0
yonatan/labpro/controllers/api/admin/module_controller.go:164.3,164.23 1 1
yonatan/labpro/controllers/api/admin/module_controller.go:168.2,168.91 1 1
yonatan/labpro/controllers/api/admin/module_controller.go:168.91,171.17 3 1
yonatan/labpro/controllers/api/admin/module_controller.go:171.17,178.4 2 0
yonatan/labpro/controllers/api/admin/module_controller.go:179.3,179.27 1 1
yonatan/labpro/controllers/api/admin/module_controller.go:183.2,184.16 2 1
yonatan/labpro/controllers/api/admin/module_controller.go:184.16,191.3 2 0
yonatan/labpro/controllers/api/admin/module_controller.go:193.2,197.4 1 1
yonatan/labpro/controllers/api/admin/module_controller.go:200.62,202.13 2 1
yonatan/labpro/controllers/api/admin/module_controller.go:202.13,205.3 2 0
yonatan/labpro/controllers/api/admin/module_controller.go:207.2,208.24 2 1
yonatan/labpro/controllers/api/admin/module_controller.go:208.24,211.3 2 0
yonatan/labpro/controllers/api/admin/module_controller.go:213.2,215.16 3 1
yonatan/labpro/controllers/api/admin/module_controller.go:215.16,222.3 2 1
yonatan/labpro/controllers/api/admin/module_controller.go:224.2,224.32 1 1
yonatan/labpro/controllers/api/admin/module_controller.go:227.64,229.13 2 1
yonatan/labpro/controllers/api/admin/module_controller.go:229.13,232.3 2 0
yonatan/labpro/controllers/api/admin/module_controller.go:234.2,235.24 2 1
yonatan/labpro/controllers/api/admin/module_controller.go:235.24,238.3 2 0
yonatan/labpro/controllers/api/admin/module_controller.go:240.2,249.47 3 1
yonatan/labpro/controllers/api/admin/module_controller.go:249.47,256.3 2 1
yonatan/labpro/controllers/api/admin/module_controller.go:259.2,260.16 2 1
yonatan/labpro/controllers/api/admin/module_controller.go:260.16,267.3 2 0
yonatan/labpro/controllers/api/admin/module_controller.go:269.2,273.4 1 1
yonatan/labpro/controllers/api/admin/user_controller.go:16.81,20.2 1 1
yonatan/labpro/controllers/api/admin/user_controller.go:22.56,24.13 2 1
yonatan/labpro/controllers/api/admin/user_controller.go:24.13,27.3 2 0
yonatan/labpro/controllers/api/admin/user_controller.go:29.2,30.24 2 1
yonatan/labpro/controllers/api/admin/user_controller.go:30.24,33.3 2 0
yonatan/labpro/controllers/api/admin/user_controller.go:36.2,39.16 4 1
yonatan/labpro/controllers/api/admin/user_controller.go:39.16,41.3 1 0
yonatan/labpro/controllers/api/admin/user_controller.go:44.2,45.16 2 1
yonatan/labpro/controllers/api/admin/user_controller.go:45.16,52.3 2 0
yonatan/labpro/controllers/api/admin/user_controller.go:54.2,59.4 1 1
yonatan/labpro/controllers/api/admin/user_controller.go:62.59,64.13 2 1
yonatan/labpro/controllers/api/admin/user_controller.go:64.13,67.3 2 0
yonatan/labpro/controllers/api/admin/user_controller.go:69.2,70.24 2 1
yonatan/labpro/controllers/api/admin/user_controller.go:70.24,73.3 2 0
yonatan/labpro/controllers/api/admin/user_controller.go:75.2,77.16 3 1
yonatan/labpro/controllers/api/admin/user_controller.go:77.16,84.3 2 1
yonatan/labpro/controllers/api/admin/user_controller.go:86.2,90.4 1 1
yonatan/labpro/controllers/api/admin/user_controller.go:93.65,95.13 2 1
yonatan/labpro/controllers/api/admin/user_controller.go:95.13,98.3 2 0
yonatan/labpro/controllers/api/admin/user_controller.go:100.2,101.24 2 1
yonatan/labpro/controllers/api/admin/user_controller.go:101.24,104.3 2 0
yonatan/labpro/controllers/api/admin/user_controller.go:106.2,112.47 3 1
yonatan/labpro/controllers/api/admin/user_controller.go:112.47,119.3 2 1
yonatan/labpro/controllers/api/admin/user_controller.go:122.2,123.16 2 1
yonatan/labpro/controllers/api/admin/user_controller.go:123.16,130.3 2 0
yonatan/labpro/controllers/api/admin/user_controller.go:132.2,142.4 2 1
yonatan/labpro/controllers/api/admin/user_controller.go:145.58,147.13 2 1
yonatan/labpro/controllers/api/admin/user_controller.go:147.13,150.3 2 0
yonatan/labpro/controllers/api/admin/user_controller.go:152.2,153.24 2 1
yonatan/labpro/controllers/api/admin/user_controller.go:153.24,156.3 2 0
yonatan/labpro/controllers/api/admin/user_controller.go:158.2,168.47 3 1
yonatan/labpro/controllers/api/admin/user_controller.go:168.47,175.3 2 1
yonatan/labpro/controllers/api/admin/user_controller.go:178.2,179.16 2 1
yonatan/labpro/controllers/api/admin/user_controller.go:179.16,186.3 2 1
yonatan/labpro/controllers/api/admin/user_controller.go:188.2,200.4 2 1
yonatan/labpro/controllers/api/admin/user_controller.go:203.58,205.13 2 1
yonatan/labpro/controllers/api/admin/user_controller.go:205.13,208.3 2 0
yonatan/labpro/controllers/api/admin/user_controller.go:210.2,211.24 2 1
yonatan/labpro/controllers/api/admin/user_controller.go:211.24,214.3 2 0
yonatan/labpro/controllers/api/admin/user_controller.go:216.2,219.28 2 1
yonatan/labpro/controllers/api/admin/user_controller.go:219.28,226.3 2 1
yonatan/labpro/controllers/api/admin/user_controller.go:228.2,229.16 2 1
yonatan/labpro/controllers/api/admin/user_controller.go:229.16,236.3 2 0
yonatan/labpro/controllers/api/admin/user_controller.go:238.2,238.32 1 1
yonatan/labpro/controllers/api/user/course_controller.go:16.89,20.2 1 1
yonatan/labpro/controllers/api/user/course_controller.go:22.60,24.13 2 1
yonatan/labpro/controllers/api/user/course_controller.go:24.13,27.3 2 0
yonatan/labpro/controllers/api/user/course_controller.go:29.2,35.16 5 1
yonatan/labpro/controllers/api/user/course_controller.go:35.16,37.3 1 0
yonatan/labpro/controllers/api/user/course_controller.go:40.2,41.16 2 1
yonatan/labpro/controllers/api/user/course_controller.go:41.16,48.3 2 0
yonatan/labpro/controllers/api/user/course_controller.go:50.2,55.4 1 1
yonatan/labpro/controllers/api/user/course_controller.go:58.63,60.13 2 1
yonatan/labpro/controllers/api/user/course_controller.go:60.13,63.3 2 0
yonatan/labpro/controllers/api/user/course_controller.go:65.2,70.16 4 1
yonatan/labpro/controllers/api/user/course_controller.go:70.16,77.3 2 1
yonatan/labpro/controllers/api/user/course_controller.go:79.2,83.4 1 1
yonatan/labpro/controllers/api/user/course_controller.go:86.62,88.13 2 1
yonatan/labpro/controllers/api/user/course_controller.go:88.13,91.3 2 0
yonatan/labpro/controllers/api/user/course_controller.go:93.2,99.16 5 1
yonatan/labpro/controllers/api/user/course_controller.go:99.16,101.3 1 0
yonatan/labpro/controllers/api/user/course_controller.go:104.2,105.16 2 1
yonatan/labpro/controllers/api/user/course_controller.go:105.16,112.3 2 0
yonatan/labpro/controllers/api/user/course_controller.go:114.2,119.4 1 1
yonatan/labpro/controllers/api/user/course_controller.go:122.64,124.13 2 1
yonatan/labpro/controllers/api/user/course_controller.go:124.13,127.3 2 0
yonatan/labpro/controllers/api/user/course_controller.go:129.2,134.16 4 1
yonatan/labpro/controllers/api/user/course_controller.go:134.16,141.3 2 1
yonatan/labpro/controllers/api/user/course_controller.go:143.2,147.4 1 1
yonatan/labpro/controllers/api/user/module_controller.go:16.89,20.2 1 1
yonatan/labpro/controllers/api/user/module_controller.go:22.66,24.13 2 1
yonatan/labpro/controllers/api/user/module_controller.go:24.13,27.3 2 0
yonatan/labpro/controllers/api/user/module_controller.go:29.2,35.16 5 1
yonatan/labpro/controllers/api/user/module_controller.go:35.16,37.3 1 0
yonatan/labpro/controllers/api/user/module_controller.go:40.2,41.16 2 1
yonatan/labpro/controllers/api/user/module_controller.go:41.16,48.3 2 0
yonatan/labpro/controllers/api/user/module_controller.go:50.2,55.4 1 1
yonatan/labpro/controllers/api/user/module_controller.go:58.63,60.13 2 1
yonatan/labpro/controllers/api/user/module_controller.go:60.13,63.3 2 0
yonatan/labpro/controllers/api/user/module_controller.go:65.2,70.23 4 1
yonatan/labpro/controllers/api/user/module_controller.go:70.23,72.3 1 1
yonatan/labpro/controllers/api/user/module_controller.go:75.2,76.16 2 1
yonatan/labpro/controllers/api/user/module_controller.go:76.16,83.3 2 1
yonatan/labpro/controllers/api/user/module_controller.go:85.2,89.4 1 1
yonatan/labpro/controllers/api/user/module_controller.go:92.64,94.13 2 1
yonatan/labpro/controllers/api/user/module_controller.go:94.13,97.3 2 0
yonatan/labpro/controllers/api/user/module_controller.go:99.2,104.16 4 1
yonatan/labpro/controllers/api/user/module_controller.go:104.16,111.3 2 1
yonatan/labpro/controllers/api/user/module_controller.go:113.2,117.4 1 1
yonatan/labpro/database/database.go:13.31,16.16 3 0
yonatan/labpro/database/database.go:16.16,18.3 1 0
yonatan/labpro/database/database.go:21.2,28.16 2 0
yonatan/labpro/database/database.go:28.16,30.3 1 0
yonatan/labpro/database/database.go:33.2,33.19 1 0
yonatan/labpro/database/database.go:36.24,39.44 3 0
yonatan/labpro/database/database.go:39.44,51.3 4 0
yonatan/labpro/database/database.go:55.23,57.2 1 0
yonatan/labpro/middleware/admin_auth.go:14.43,15.30 1 0
yonatan/labpro/middleware/admin_auth.go:15.30,20.32 3 0
yonatan/labpro/middleware/admin_auth.go:20.32,24.4 3 0
yonatan/labpro/middleware/admin_auth.go:27.3,28.102 2 0
yonatan/labpro/middleware/admin_auth.go:28.102,30.4 1 0
yonatan/labpro/middleware/admin_auth.go:32.3,32.39 1 0
yonatan/labpro/middleware/admin_auth.go:32.39,37.4 4 0
yonatan/labpro/middleware/admin_auth.go:40.3,41.10 2 0
yonatan/labpro/middleware/admin_auth.go:41.10,46.4 4 0
yonatan/labpro/middleware/admin_auth.go:49.3,51.71 3 0
yonatan/labpro/middleware/admin_auth.go:51.71,56.4 4 0
yonatan/labpro/middleware/admin_auth.go:59.3,59.20 1 0
yonatan/labpro/middleware/admin_auth.go:59.20,63.4 3 0
yonatan/labpro/middleware/admin_auth.go:66.3,67.11 2 0
yonatan/labpro/middleware/auth.go:14.57,15.30 1 1
yonatan/labpro/middleware/auth.go:15.30,17.23 2 1
yonatan/labpro/middleware/auth.go:17.23,25.4 3 1
yonatan/labpro/middleware/auth.go:27.3,28.32 2 1
yonatan/labpro/middleware/auth.go:28.32,36.4 3 1
yonatan/labpro/middleware/auth.go:38.3,38.84 1 1
yonatan/labpro/middleware/auth.go:38.84,40.4 1 1
yonatan/labpro/middleware/auth.go:42.3,42.33 1 1
yonatan/labpro/middleware/auth.go:42.33,50.4 3 1
yonatan/labpro/middleware/auth.go:52.3,53.10 2 1
yonatan/labpro/middleware/auth.go:53.10,61.4 3 0
yonatan/labpro/middleware/auth.go:63.3,64.10 2 1
yonatan/labpro/middleware/auth.go:64.10,72.4 3 0
yonatan/labpro/middleware/auth.go:74.3,75.74 2 1
yonatan/labpro/middleware/auth.go:75.74,83.4 3 0
yonatan/labpro/middleware/auth.go:85.3,87.19 3 1
yonatan/labpro/middleware/auth.go:87.19,89.4 1 1
yonatan/labpro/middleware/auth.go:89.9,91.4 1 1
yonatan/labpro/middleware/auth.go:92.3,92.11 1 1
yonatan/labpro/middleware/auth.go:96.40,97.30 1 1
yonatan/labpro/middleware/auth.go:97.30,99.14 2 1
yonatan/labpro/middleware/auth.go:99.14,107.4 3 0
yonatan/labpro/middleware/auth.go:109.3,110.32 2 1
yonatan/labpro/middleware/auth.go:110.32,118.4 3 1
yonatan/labpro/middleware/auth.go:120.3,120.11 1 1
yonatan/labpro/middleware/web_auth.go:14.42,15.30 1 0
yonatan/labpro/middleware/web_auth.go:15.30,20.32 3 0
yonatan/labpro/middleware/web_auth.go:20.32,24.4 3 0
yonatan/labpro/middleware/web_auth.go:27.3,28.102 2 0
yonatan/labpro/middleware/web_auth.go:28.102,30.4 1 0
yonatan/labpro/middleware/web_auth.go:32.3,32.39 1 0
yonatan/labpro/middleware/web_auth.go:32.39,37.4 4 0
yonatan/labpro/middleware/web_auth.go:40.3,41.10 2 0
yonatan/labpro/middleware/web_auth.go:41.10,46.4 4 0
yonatan/labpro/middleware/web_auth.go:49.3,51.71 3 0
yonatan/labpro/middleware/web_auth.go:51.71,56.4 4 0
yonatan/labpro/middleware/web_auth.go:59.3,60.11 2 0
yonatan/labpro/middleware/web_auth.go:65.50,66.30 1 0
yonatan/labpro/middleware/web_auth.go:66.30,72.32 3 0
yonatan/labpro/middleware/web_auth.go:72.32,75.4 2 0
yonatan/labpro/middleware/web_auth.go:78.3,79.102 2 0
yonatan/labpro/middleware/web_auth.go:79.102,81.4 1 0
yonatan/labpro/middleware/web_auth.go:83.3,83.39 1 0
yonatan/labpro/middleware/web_auth.go:83.39,87.4 3 0
yonatan/labpro/middleware/web_auth.go:90.3,91.10 2 0
yonatan/labpro/middleware/web_auth.go:91.10,95.4 3 0
yonatan/labpro/middleware/web_auth.go:98.3,100.71 3 0
yonatan/labpro/middleware/web_auth.go:100.71,104.4 3 0
yonatan/labpro/middleware/web_auth.go:107.3,108.11 2 0
yonatan/labpro/models/user.go:22.51,24.16 2 1
yonatan/labpro/models/user.go:24.16,26.3 1 0
yonatan/labpro/models/user.go:27.2,28.12 2 1
yonatan/labpro/models/user.go:31.52,34.2 2 1
yonatan/labpro/models/user_course.go:19.55,22.2 2 1
yonatan/labpro/routes/api/auth_routes.go:11.107,13.2 2 1
yonatan/labpro/routes/api/auth_routes.go:13.2,18.3 4 1
yonatan/labpro/routes/api/course_routes.go:15.22,20.2 3 1
yonatan/labpro/routes/api/course_routes.go:20.2,29.3 4 1
yonatan/labpro/routes/api/course_routes.go:32.2,34.2 3 1
yonatan/labpro/routes/api/course_routes.go:34.2,41.3 3 1
yonatan/labpro/routes/api/module_routes.go:15.22,20.2 3 1
yonatan/labpro/routes/api/module_routes.go:20.2,25.3 2 1
yonatan/labpro/routes/api/module_routes.go:28.2,30.2 3 1
yonatan/labpro/routes/api/module_routes.go:30.2,33.3 1 1
yonatan/labpro/routes/api/module_routes.go:36.2,38.2 3 1
yonatan/labpro/routes/api/module_routes.go:38.2,43.3 2 1
yonatan/labpro/routes/api/module_routes.go:46.2,48.2 3 1
yonatan/labpro/routes/api/module_routes.go:48.2,53.3 2 1
yonatan/labpro/routes/api/routes.go:23.22,29.2 4 0
yonatan/labpro/routes/api/user_routes.go:13.22,18.2 3 1
yonatan/labpro/routes/api/user_routes.go:18.2,29.3 5 1
yonatan/labpro/services/auth_service.go:17.54,21.2 1 1
yonatan/labpro/services/auth_service.go:23.110,26.115 2 1
yonatan/labpro/services/auth_service.go:26.115,27.40 1 1
yonatan/labpro/services/auth_service.go:27.40,29.4 1 1
yonatan/labpro/services/auth_service.go:30.3,30.49 1 1
yonatan/labpro/services/auth_service.go:34.2,43.51 2 1
yonatan/labpro/services/auth_service.go:43.51,45.3 1 0
yonatan/labpro/services/auth_service.go:47.2,47.56 1 1
yonatan/labpro/services/auth_service.go:47.56,49.3 1 0
yonatan/labpro/services/auth_service.go:51.2,51.19 1 1
yonatan/labpro/services/auth_service.go:54.89,58.114 2 1
yonatan/labpro/services/auth_service.go:58.114,60.3 1 1
yonatan/labpro/services/auth_service.go:63.2,63.35 1 1
yonatan/labpro/services/auth_service.go:63.35,65.3 1 1
yonatan/labpro/services/auth_service.go:68.2,69.16 2 1
yonatan/labpro/services/auth_service.go:69.16,71.3 1 0
yonatan/labpro/services/auth_service.go:73.2,73.26 1 1
yonatan/labpro/services/auth_service.go:76.69,85.2 3 1
yonatan/labpro/services/course_service.go:23.71,25.2 1 1
yonatan/labpro/services/course_service.go:28.99,38.22 5 1
yonatan/labpro/services/course_service.go:38.22,40.3 1 0
yonatan/labpro/services/course_service.go:42.2,42.51 1 1
yonatan/labpro/services/course_service.go:45.86,46.51 1 1
yonatan/labpro/services/course_service.go:46.51,48.3 1 0
yonatan/labpro/services/course_service.go:49.2,49.20 1 1
yonatan/labpro/services/course_service.go:52.146,59.17 4 1
yonatan/labpro/services/course_service.go:59.17,63.3 2 1
yonatan/labpro/services/course_service.go:66.2,70.95 3 1
yonatan/labpro/services/course_service.go:70.95,72.3 1 0
yonatan/labpro/services/course_service.go:75.2,76.33 2 1
yonatan/labpro/services/course_service.go:76.33,78.20 2 1
yonatan/labpro/services/course_service.go:78.20,83.4 3 1
yonatan/labpro/services/course_service.go:85.3,97.4 1 1
yonatan/labpro/services/course_service.go:100.2,107.32 3 1
yonatan/labpro/services/course_service.go:110.103,112.84 2 1
yonatan/labpro/services/course_service.go:112.84,114.3 1 1
yonatan/labpro/services/course_service.go:116.2,121.19 5 1
yonatan/labpro/services/course_service.go:121.19,128.18 4 1
yonatan/labpro/services/course_service.go:128.18,130.10 2 0
yonatan/labpro/services/course_service.go:130.10,132.5 1 0
yonatan/labpro/services/course_service.go:136.2,152.20 2 1
yonatan/labpro/services/course_service.go:155.86,156.49 1 1
yonatan/labpro/services/course_service.go:156.49,158.3 1 0
yonatan/labpro/services/course_service.go:159.2,159.20 1 1
yonatan/labpro/services/course_service.go:162.56,164.88 1 1
yonatan/labpro/services/course_service.go:164.88,166.3 1 1
yonatan/labpro/services/course_service.go:169.2,169.92 1 1
yonatan/labpro/services/course_service.go:169.92,171.3 1 0
yonatan/labpro/services/course_service.go:174.2,174.75 1 1
yonatan/labpro/services/course_service.go:174.75,176.3 1 0
yonatan/labpro/services/course_service.go:178.2,178.12 1 1
yonatan/labpro/services/course_service.go:181.93,184.71 2 1
yonatan/labpro/services/course_service.go:184.71,186.3 1 1
yonatan/labpro/services/course_service.go:189.2,190.120 2 1
yonatan/labpro/services/course_service.go:190.120,192.3 1 1
yonatan/labpro/services/course_service.go:195.2,196.67 2 1
yonatan/labpro/services/course_service.go:196.67,198.3 1 0
yonatan/labpro/services/course_service.go:200.2,200.33 1 1
yonatan/labpro/services/course_service.go:200.33,202.3 1 1
yonatan/labpro/services/course_service.go:205.2,209.45 3 1
yonatan/labpro/services/course_service.go:209.45,212.3 2 0
yonatan/labpro/services/course_service.go:215.2,219.53 2 1
yonatan/labpro/services/course_service.go:219.53,222.3 2 0
yonatan/labpro/services/course_service.go:224.2,232.20 3 1
yonatan/labpro/services/course_service.go:235.136,242.17 4 1
yonatan/labpro/services/course_service.go:242.17,247.3 2 0
yonatan/labpro/services/course_service.go:250.2,254.98 3 1
yonatan/labpro/services/course_service.go:254.98,256.3 1 0
yonatan/labpro/services/course_service.go:259.2,260.41 2 1
yonatan/labpro/services/course_service.go:260.41,277.3 2 1
yonatan/labpro/services/course_service.go:279.2,286.32 3 1
yonatan/labpro/services/course_service.go:289.84,292.53 2 0
yonatan/labpro/services/course_service.go:292.53,294.3 1 0
yonatan/labpro/services/course_service.go:297.2,302.16 4 0
yonatan/labpro/services/course_service.go:302.16,304.3 1 0
yonatan/labpro/services/course_service.go:305.2,309.16 3 0
yonatan/labpro/services/course_service.go:309.16,311.3 1 0
yonatan/labpro/services/course_service.go:312.2,315.44 2 0
yonatan/labpro/services/course_service.go:315.44,317.3 1 0
yonatan/labpro/services/course_service.go:320.2,320.82 1 0
yonatan/labpro/services/module_service.go:22.71,24.2 1 1
yonatan/labpro/services/module_service.go:26.126,40.52 4 1
yonatan/labpro/services/module_service.go:40.52,42.3 1 1
yonatan/labpro/services/module_service.go:44.2,44.21 1 1
yonatan/labpro/services/module_service.go:47.149,58.99 6 1
yonatan/labpro/services/module_service.go:58.99,60.3 1 0
yonatan/labpro/services/module_service.go:63.2,64.33 2 1
yonatan/labpro/services/module_service.go:64.33,66.20 2 1
yonatan/labpro/services/module_service.go:66.20,71.4 3 1
yonatan/labpro/services/module_service.go:73.3,84.4 1 1
yonatan/labpro/services/module_service.go:87.2,94.32 3 1
yonatan/labpro/services/module_service.go:97.120,99.65 2 1
yonatan/labpro/services/module_service.go:99.65,101.3 1 1
yonatan/labpro/services/module_service.go:104.2,104.42 1 1
yonatan/labpro/services/module_service.go:104.42,106.31 2 1
yonatan/labpro/services/module_service.go:106.31,108.4 1 1
yonatan/labpro/services/module_service.go:111.2,112.42 2 1
yonatan/labpro/services/module_service.go:112.42,117.3 3 1
yonatan/labpro/services/module_service.go:119.2,132.20 2 1
yonatan/labpro/services/module_service.go:135.120,137.65 2 1
yonatan/labpro/services/module_service.go:137.65,139.3 1 0
yonatan/labpro/services/module_service.go:141.2,144.19 3 1
yonatan/labpro/services/module_service.go:144.19,146.3 1 1
yonatan/labpro/services/module_service.go:147.2,147.21 1 1
yonatan/labpro/services/module_service.go:147.21,149.3 1 1
yonatan/labpro/services/module_service.go:151.2,151.50 1 1
yonatan/labpro/services/module_service.go:151.50,153.3 1 0
yonatan/labpro/services/module_service.go:155.2,155.21 1 1
yonatan/labpro/services/module_service.go:158.56,160.100 1 1
yonatan/labpro/services/module_service.go:160.100,162.3 1 1
yonatan/labpro/services/module_service.go:165.2,165.75 1 1
yonatan/labpro/services/module_service.go:165.75,167.3 1 0
yonatan/labpro/services/module_service.go:169.2,169.12 1 1
yonatan/labpro/services/module_service.go:175.36,179.35 2 1
yonatan/labpro/services/module_service.go:179.35,180.139 1 1
yonatan/labpro/services/module_service.go:180.139,183.4 2 0
yonatan/labpro/services/module_service.go:186.2,192.20 3 1
yonatan/labpro/services/module_service.go:195.98,198.71 2 1
yonatan/labpro/services/module_service.go:198.71,200.3 1 1
yonatan/labpro/services/module_service.go:203.2,204.30 2 1
yonatan/labpro/services/module_service.go:204.30,206.3 1 1
yonatan/labpro/services/module_service.go:209.2,211.35 3 1
yonatan/labpro/services/module_service.go:211.35,218.55 2 1
yonatan/labpro/services/module_service.go:218.55,220.4 1 0
yonatan/labpro/services/module_service.go:221.8,221.23 1 1
yonatan/labpro/services/module_service.go:221.23,223.3 1 0
yonatan/labpro/services/module_service.go:223.8,226.53 2 1
yonatan/labpro/services/module_service.go:226.53,228.4 1 0
yonatan/labpro/services/module_service.go:232.2,240.22 5 1
yonatan/labpro/services/module_service.go:240.22,242.3 1 1
yonatan/labpro/services/module_service.go:244.2,256.23 2 1
yonatan/labpro/services/module_service.go:256.23,258.17 2 0
yonatan/labpro/services/module_service.go:258.17,260.4 1 0
yonatan/labpro/services/module_service.go:263.2,263.20 1 1
yonatan/labpro/services/module_service.go:266.83,269.35 3 1
yonatan/labpro/services/module_service.go:269.35,271.3 1 1
yonatan/labpro/services/module_service.go:272.2,272.16 1 1
yonatan/labpro/services/module_service.go:272.16,274.3 1 0
yonatan/labpro/services/module_service.go:275.2,275.18 1 1
yonatan/labpro/services/module_service.go:278.78,281.53 2 1
yonatan/labpro/services/module_service.go:281.53,283.3 1 0
yonatan/labpro/services/module_service.go:286.2,291.16 4 1
yonatan/labpro/services/module_service.go:291.16,293.3 1 0
yonatan/labpro/services/module_service.go:294.2,298.16 3 1
yonatan/labpro/services/module_service.go:298.16,300.3 1 0
yonatan/labpro/services/module_service.go:301.2,304.44 2 1
yonatan/labpro/services/module_service.go:304.44,306.3 1 0
yonatan/labpro/services/module_service.go:309.2,309.76 1 1
yonatan/labpro/services/module_service.go:312.80,315.53 2 1
yonatan/labpro/services/module_service.go:315.53,317.3 1 0
yonatan/labpro/services/module_service.go:320.2,325.16 4 1
yonatan/labpro/services/module_service.go:325.16,327.3 1 0
yonatan/labpro/services/module_service.go:328.2,332.16 3 1
yonatan/labpro/services/module_service.go:332.16,334.3 1 0
yonatan/labpro/services/module_service.go:335.2,338.44 2 1
yonatan/labpro/services/module_service.go:338.44,340.3 1 0
yonatan/labpro/services/module_service.go:343.2,343.78 1 1
yonatan/labpro/services/module_service.go:346.87,351.67 3 0
yonatan/labpro/services/module_service.go:351.67,353.3 1 0
yonatan/labpro/services/module_service.go:355.2,355.71 1 0
yonatan/labpro/services/module_service.go:355.71,357.3 1 0
yonatan/labpro/services/module_service.go:360.2,361.53 2 0
yonatan/labpro/services/module_service.go:361.53,363.3 1 0
yonatan/labpro/services/module_service.go:366.2,384.81 4 0
yonatan/labpro/services/module_service.go:384.81,386.3 1 0
yonatan/labpro/services/module_service.go:389.2,389.63 1 0
yonatan/labpro/services/user_service.go:16.47,18.2 1 1
yonatan/labpro/services/user_service.go:20.122,27.17 4 1
yonatan/labpro/services/user_service.go:27.17,31.3 2 1
yonatan/labpro/services/user_service.go:34.2,38.74 3 1
yonatan/labpro/services/user_service.go:38.74,40.3 1 0
yonatan/labpro/services/user_service.go:43.2,44.29 2 1
yonatan/labpro/services/user_service.go:44.29,53.3 1 1
yonatan/labpro/services/user_service.go:55.2,61.18 4 1
yonatan/labpro/services/user_service.go:61.18,63.3 1 1
yonatan/labpro/services/user_service.go:64.2,64.27 1 1
yonatan/labpro/services/user_service.go:64.27,66.3 1 1
yonatan/labpro/services/user_service.go:68.2,77.32 2 1
yonatan/labpro/services/user_service.go:80.79,82.63 2 1
yonatan/labpro/services/user_service.go:82.63,84.3 1 1
yonatan/labpro/services/user_service.go:87.2,100.20 4 1
yonatan/labpro/services/user_service.go:103.94,105.63 2 1
yonatan/labpro/services/user_service.go:105.63,107.3 1 0
yonatan/labpro/services/user_service.go:109.2,110.22 2 1
yonatan/labpro/services/user_service.go:110.22,112.3 1 0
yonatan/labpro/services/user_service.go:114.2,114.48 1 1
yonatan/labpro/services/user_service.go:114.48,116.3 1 0
yonatan/labpro/services/user_service.go:118.2,118.19 1 1
yonatan/labpro/services/user_service.go:121.116,123.63 2 1
yonatan/labpro/services/user_service.go:123.63,125.3 1 1
yonatan/labpro/services/user_service.go:128.2,129.127 2 1
yonatan/labpro/services/user_service.go:129.127,131.3 1 0
yonatan/labpro/services/user_service.go:133.2,139.20 5 1
yonatan/labpro/services/user_service.go:139.20,141.17 2 1
yonatan/labpro/services/user_service.go:141.17,143.4 1 0
yonatan/labpro/services/user_service.go:144.3,144.41 1 1
yonatan/labpro/services/user_service.go:147.2,147.48 1 1
yonatan/labpro/services/user_service.go:147.48,149.3 1 0
yonatan/labpro/services/user_service.go:151.2,151.19 1 1
yonatan/labpro/services/user_service.go:154.52,157.63 2 1
yonatan/labpro/services/user_service.go:157.63,159.3 1 0
yonatan/labpro/services/user_service.go:162.2,162.30 1 1
yonatan/labpro/services/user_service.go:162.30,164.3 1 0
yonatan/labpro/services/user_service.go:167.2,170.87 2 1
yonatan/labpro/services/user_service.go:170.87,173.3 2 0
yonatan/labpro/services/user_service.go:176.2,176.95 1 1
yonatan/labpro/services/user_service.go:176.95,179.3 2 0
yonatan/labpro/services/user_service.go:182.2,182.47 1 1
yonatan/labpro/services/user_service.go:182.47,185.3 2 0
yonatan/labpro/services/user_service.go:187.2,188.12 2 1
yonatan/labpro/services/user_service.go:191.126,194.109 2 0
yonatan/labpro/services/user_service.go:194.109,196.3 1 0
yonatan/labpro/services/user_service.go:199.2,200.16 2 0
yonatan/labpro/services/user_service.go:200.16,202.3 1 0
yonatan/labpro/services/user_service.go:205.2,214.50 2 0
yonatan/labpro/services/user_service.go:214.50,216.3 1 0
yonatan/labpro/services/user_service.go:219.2,220.19 2 0
